<?xml version="1.0" encoding="UTF-8"?>
<!-- Generated by org.testng.reporters.JUnitReportReporter -->
<testsuite skipped="0" hostname="400e27d575fc" name="com.searchmodule.tests.SearchTest" tests="4" failures="0" timestamp="26 Jun 2020 12:11:42 GMT" time="19.971" errors="0">
  <testcase name="search" time="6.546" classname="com.searchmodule.tests.SearchTest"/>
  <testcase name="search" time="5.053" classname="com.searchmodule.tests.SearchTest"/>
  <testcase name="search" time="4.903" classname="com.searchmodule.tests.SearchTest"/>
  <testcase name="search" time="3.469" classname="com.searchmodule.tests.SearchTest"/>
</testsuite> <!-- com.searchmodule.tests.SearchTest -->
